{"D:\\DIT_Course2021\\MusoPlanProjectLocal\\MusoPlanProject\\EnterMusFunc.js": {"path":"D:\\DIT_Course2021\\MusoPlanProjectLocal\\MusoPlanProject\\EnterMusFunc.js","statementMap":{"0":{"start":{"line":6,"column":6},"end":{"line":9,"column":19}},"1":{"start":{"line":7,"column":7},"end":{"line":7,"column":21}},"2":{"start":{"line":9,"column":7},"end":{"line":9,"column":19}},"3":{"start":{"line":13,"column":4},"end":{"line":16,"column":16}},"4":{"start":{"line":14,"column":4},"end":{"line":14,"column":23}},"5":{"start":{"line":16,"column":4},"end":{"line":16,"column":16}},"6":{"start":{"line":20,"column":4},"end":{"line":23,"column":16}},"7":{"start":{"line":21,"column":4},"end":{"line":21,"column":21}},"8":{"start":{"line":23,"column":4},"end":{"line":23,"column":16}},"9":{"start":{"line":27,"column":19},"end":{"line":27,"column":69}},"10":{"start":{"line":29,"column":10},"end":{"line":32,"column":22}},"11":{"start":{"line":30,"column":10},"end":{"line":30,"column":24}},"12":{"start":{"line":32,"column":10},"end":{"line":32,"column":22}},"13":{"start":{"line":36,"column":4},"end":{"line":36,"column":23}},"14":{"start":{"line":38,"column":0},"end":{"line":38,"column":80}}},"fnMap":{"0":{"name":"enterMus","decl":{"start":{"line":4,"column":9},"end":{"line":4,"column":17}},"loc":{"start":{"line":5,"column":0},"end":{"line":10,"column":1}},"line":5},"1":{"name":"enteryearPlaying","decl":{"start":{"line":11,"column":9},"end":{"line":11,"column":25}},"loc":{"start":{"line":12,"column":0},"end":{"line":17,"column":1}},"line":12},"2":{"name":"enterHourRate","decl":{"start":{"line":18,"column":9},"end":{"line":18,"column":22}},"loc":{"start":{"line":19,"column":0},"end":{"line":24,"column":1}},"line":19},"3":{"name":"entermusTypes","decl":{"start":{"line":25,"column":9},"end":{"line":25,"column":22}},"loc":{"start":{"line":26,"column":0},"end":{"line":33,"column":1}},"line":26},"4":{"name":"intFact","decl":{"start":{"line":34,"column":9},"end":{"line":34,"column":16}},"loc":{"start":{"line":35,"column":0},"end":{"line":37,"column":1}},"line":35}},"branchMap":{"0":{"loc":{"start":{"line":6,"column":6},"end":{"line":9,"column":19}},"type":"if","locations":[{"start":{"line":6,"column":6},"end":{"line":9,"column":19}},{"start":{"line":6,"column":6},"end":{"line":9,"column":19}}],"line":6},"1":{"loc":{"start":{"line":6,"column":9},"end":{"line":6,"column":46}},"type":"binary-expr","locations":[{"start":{"line":6,"column":9},"end":{"line":6,"column":26}},{"start":{"line":6,"column":30},"end":{"line":6,"column":46}}],"line":6},"2":{"loc":{"start":{"line":13,"column":4},"end":{"line":16,"column":16}},"type":"if","locations":[{"start":{"line":13,"column":4},"end":{"line":16,"column":16}},{"start":{"line":13,"column":4},"end":{"line":16,"column":16}}],"line":13},"3":{"loc":{"start":{"line":13,"column":8},"end":{"line":13,"column":70}},"type":"binary-expr","locations":[{"start":{"line":13,"column":8},"end":{"line":13,"column":22}},{"start":{"line":13,"column":26},"end":{"line":13,"column":45}},{"start":{"line":13,"column":49},"end":{"line":13,"column":70}}],"line":13},"4":{"loc":{"start":{"line":20,"column":4},"end":{"line":23,"column":16}},"type":"if","locations":[{"start":{"line":20,"column":4},"end":{"line":23,"column":16}},{"start":{"line":20,"column":4},"end":{"line":23,"column":16}}],"line":20},"5":{"loc":{"start":{"line":20,"column":7},"end":{"line":20,"column":44}},"type":"binary-expr","locations":[{"start":{"line":20,"column":8},"end":{"line":20,"column":22}},{"start":{"line":20,"column":27},"end":{"line":20,"column":44}}],"line":20},"6":{"loc":{"start":{"line":29,"column":10},"end":{"line":32,"column":22}},"type":"if","locations":[{"start":{"line":29,"column":10},"end":{"line":32,"column":22}},{"start":{"line":29,"column":10},"end":{"line":32,"column":22}}],"line":29},"7":{"loc":{"start":{"line":29,"column":13},"end":{"line":29,"column":91}},"type":"binary-expr","locations":[{"start":{"line":29,"column":13},"end":{"line":29,"column":31}},{"start":{"line":29,"column":33},"end":{"line":29,"column":51}},{"start":{"line":29,"column":53},"end":{"line":29,"column":71}},{"start":{"line":29,"column":73},"end":{"line":29,"column":91}}],"line":29}},"s":{"0":2,"1":1,"2":1,"3":2,"4":1,"5":1,"6":2,"7":1,"8":1,"9":2,"10":2,"11":1,"12":1,"13":1,"14":1},"f":{"0":2,"1":2,"2":2,"3":2,"4":1},"b":{"0":[1,1],"1":[2,2],"2":[1,1],"3":[2,1,1],"4":[1,1],"5":[2,1],"6":[1,1],"7":[2,2,1,1]},"_coverageSchema":"1a1c01bbd47fc00a2c39e90264f33305004495a9","hash":"dc8bdf9e79e79d1a8203654bfc931fb9e36cbd78"}
,"D:\\DIT_Course2021\\MusoPlanProjectLocal\\MusoPlanProject\\Main_Child_Class_Code.js": {"path":"D:\\DIT_Course2021\\MusoPlanProjectLocal\\MusoPlanProject\\Main_Child_Class_Code.js","statementMap":{"0":{"start":{"line":8,"column":8},"end":{"line":8,"column":30}},"1":{"start":{"line":9,"column":8},"end":{"line":9,"column":29}},"2":{"start":{"line":10,"column":8},"end":{"line":10,"column":40}},"3":{"start":{"line":11,"column":8},"end":{"line":11,"column":36}},"4":{"start":{"line":12,"column":8},"end":{"line":12,"column":39}},"5":{"start":{"line":16,"column":8},"end":{"line":16,"column":80}},"6":{"start":{"line":17,"column":21},"end":{"line":17,"column":127}},"7":{"start":{"line":18,"column":8},"end":{"line":18,"column":29}},"8":{"start":{"line":19,"column":8},"end":{"line":19,"column":23}},"9":{"start":{"line":26,"column":8},"end":{"line":26,"column":15}},"10":{"start":{"line":27,"column":8},"end":{"line":27,"column":25}},"11":{"start":{"line":28,"column":8},"end":{"line":28,"column":25}},"12":{"start":{"line":29,"column":8},"end":{"line":29,"column":25}},"13":{"start":{"line":30,"column":8},"end":{"line":30,"column":25}},"14":{"start":{"line":34,"column":8},"end":{"line":37,"column":20}},"15":{"start":{"line":35,"column":8},"end":{"line":35,"column":37}},"16":{"start":{"line":37,"column":8},"end":{"line":37,"column":20}},"17":{"start":{"line":41,"column":8},"end":{"line":44,"column":20}},"18":{"start":{"line":42,"column":8},"end":{"line":42,"column":34}},"19":{"start":{"line":44,"column":8},"end":{"line":44,"column":20}},"20":{"start":{"line":48,"column":8},"end":{"line":51,"column":20}},"21":{"start":{"line":49,"column":8},"end":{"line":49,"column":34}},"22":{"start":{"line":51,"column":8},"end":{"line":51,"column":20}},"23":{"start":{"line":55,"column":19},"end":{"line":55,"column":69}},"24":{"start":{"line":56,"column":8},"end":{"line":59,"column":20}},"25":{"start":{"line":57,"column":8},"end":{"line":57,"column":51}},"26":{"start":{"line":59,"column":8},"end":{"line":59,"column":20}},"27":{"start":{"line":63,"column":8},"end":{"line":67,"column":9}},"28":{"start":{"line":65,"column":26},"end":{"line":65,"column":124}},"29":{"start":{"line":66,"column":12},"end":{"line":66,"column":83}},"30":{"start":{"line":68,"column":8},"end":{"line":68,"column":23}},"31":{"start":{"line":75,"column":8},"end":{"line":75,"column":15}},"32":{"start":{"line":76,"column":8},"end":{"line":76,"column":25}},"33":{"start":{"line":77,"column":8},"end":{"line":77,"column":25}},"34":{"start":{"line":78,"column":8},"end":{"line":78,"column":25}},"35":{"start":{"line":79,"column":8},"end":{"line":79,"column":25}},"36":{"start":{"line":83,"column":8},"end":{"line":86,"column":20}},"37":{"start":{"line":84,"column":8},"end":{"line":84,"column":37}},"38":{"start":{"line":86,"column":8},"end":{"line":86,"column":20}},"39":{"start":{"line":90,"column":8},"end":{"line":93,"column":20}},"40":{"start":{"line":91,"column":8},"end":{"line":91,"column":34}},"41":{"start":{"line":93,"column":8},"end":{"line":93,"column":20}},"42":{"start":{"line":97,"column":8},"end":{"line":100,"column":20}},"43":{"start":{"line":98,"column":8},"end":{"line":98,"column":34}},"44":{"start":{"line":100,"column":8},"end":{"line":100,"column":20}},"45":{"start":{"line":104,"column":19},"end":{"line":104,"column":69}},"46":{"start":{"line":105,"column":8},"end":{"line":108,"column":20}},"47":{"start":{"line":106,"column":8},"end":{"line":106,"column":51}},"48":{"start":{"line":108,"column":8},"end":{"line":108,"column":20}},"49":{"start":{"line":112,"column":8},"end":{"line":116,"column":9}},"50":{"start":{"line":114,"column":22},"end":{"line":114,"column":120}},"51":{"start":{"line":115,"column":8},"end":{"line":115,"column":79}},"52":{"start":{"line":117,"column":8},"end":{"line":117,"column":23}},"53":{"start":{"line":124,"column":8},"end":{"line":124,"column":15}},"54":{"start":{"line":125,"column":8},"end":{"line":125,"column":25}},"55":{"start":{"line":126,"column":8},"end":{"line":126,"column":25}},"56":{"start":{"line":127,"column":8},"end":{"line":127,"column":25}},"57":{"start":{"line":128,"column":8},"end":{"line":128,"column":25}},"58":{"start":{"line":132,"column":8},"end":{"line":135,"column":20}},"59":{"start":{"line":133,"column":8},"end":{"line":133,"column":37}},"60":{"start":{"line":135,"column":8},"end":{"line":135,"column":20}},"61":{"start":{"line":139,"column":8},"end":{"line":142,"column":20}},"62":{"start":{"line":140,"column":8},"end":{"line":140,"column":34}},"63":{"start":{"line":142,"column":8},"end":{"line":142,"column":20}},"64":{"start":{"line":146,"column":8},"end":{"line":149,"column":20}},"65":{"start":{"line":147,"column":8},"end":{"line":147,"column":34}},"66":{"start":{"line":149,"column":8},"end":{"line":149,"column":20}},"67":{"start":{"line":153,"column":19},"end":{"line":153,"column":69}},"68":{"start":{"line":154,"column":8},"end":{"line":157,"column":20}},"69":{"start":{"line":155,"column":8},"end":{"line":155,"column":51}},"70":{"start":{"line":157,"column":8},"end":{"line":157,"column":20}},"71":{"start":{"line":161,"column":8},"end":{"line":165,"column":9}},"72":{"start":{"line":163,"column":26},"end":{"line":163,"column":124}},"73":{"start":{"line":164,"column":12},"end":{"line":164,"column":83}},"74":{"start":{"line":166,"column":8},"end":{"line":166,"column":23}},"75":{"start":{"line":173,"column":12},"end":{"line":173,"column":19}},"76":{"start":{"line":174,"column":12},"end":{"line":174,"column":29}},"77":{"start":{"line":175,"column":12},"end":{"line":175,"column":29}},"78":{"start":{"line":176,"column":12},"end":{"line":176,"column":29}},"79":{"start":{"line":177,"column":12},"end":{"line":177,"column":29}},"80":{"start":{"line":181,"column":12},"end":{"line":184,"column":24}},"81":{"start":{"line":182,"column":12},"end":{"line":182,"column":41}},"82":{"start":{"line":184,"column":12},"end":{"line":184,"column":24}},"83":{"start":{"line":188,"column":12},"end":{"line":191,"column":24}},"84":{"start":{"line":189,"column":12},"end":{"line":189,"column":38}},"85":{"start":{"line":191,"column":12},"end":{"line":191,"column":24}},"86":{"start":{"line":195,"column":12},"end":{"line":198,"column":24}},"87":{"start":{"line":196,"column":12},"end":{"line":196,"column":38}},"88":{"start":{"line":198,"column":12},"end":{"line":198,"column":24}},"89":{"start":{"line":202,"column":23},"end":{"line":202,"column":73}},"90":{"start":{"line":203,"column":12},"end":{"line":206,"column":24}},"91":{"start":{"line":204,"column":12},"end":{"line":204,"column":55}},"92":{"start":{"line":206,"column":12},"end":{"line":206,"column":24}},"93":{"start":{"line":210,"column":12},"end":{"line":214,"column":13}},"94":{"start":{"line":212,"column":30},"end":{"line":212,"column":128}},"95":{"start":{"line":213,"column":16},"end":{"line":213,"column":87}},"96":{"start":{"line":215,"column":12},"end":{"line":215,"column":27}},"97":{"start":{"line":218,"column":4},"end":{"line":224,"column":5}}},"fnMap":{"0":{"name":"(anonymous_0)","decl":{"start":{"line":6,"column":4},"end":{"line":6,"column":5}},"loc":{"start":{"line":7,"column":4},"end":{"line":13,"column":5}},"line":7},"1":{"name":"(anonymous_1)","decl":{"start":{"line":14,"column":3},"end":{"line":14,"column":4}},"loc":{"start":{"line":15,"column":4},"end":{"line":20,"column":5}},"line":15},"2":{"name":"(anonymous_2)","decl":{"start":{"line":24,"column":4},"end":{"line":24,"column":5}},"loc":{"start":{"line":25,"column":4},"end":{"line":31,"column":5}},"line":25},"3":{"name":"(anonymous_3)","decl":{"start":{"line":32,"column":4},"end":{"line":32,"column":5}},"loc":{"start":{"line":33,"column":4},"end":{"line":38,"column":5}},"line":33},"4":{"name":"(anonymous_4)","decl":{"start":{"line":39,"column":4},"end":{"line":39,"column":5}},"loc":{"start":{"line":40,"column":4},"end":{"line":45,"column":5}},"line":40},"5":{"name":"(anonymous_5)","decl":{"start":{"line":46,"column":4},"end":{"line":46,"column":5}},"loc":{"start":{"line":47,"column":4},"end":{"line":52,"column":5}},"line":47},"6":{"name":"(anonymous_6)","decl":{"start":{"line":53,"column":4},"end":{"line":53,"column":5}},"loc":{"start":{"line":54,"column":4},"end":{"line":60,"column":5}},"line":54},"7":{"name":"(anonymous_7)","decl":{"start":{"line":61,"column":4},"end":{"line":61,"column":5}},"loc":{"start":{"line":62,"column":4},"end":{"line":69,"column":5}},"line":62},"8":{"name":"(anonymous_8)","decl":{"start":{"line":73,"column":4},"end":{"line":73,"column":5}},"loc":{"start":{"line":74,"column":4},"end":{"line":80,"column":5}},"line":74},"9":{"name":"(anonymous_9)","decl":{"start":{"line":81,"column":4},"end":{"line":81,"column":5}},"loc":{"start":{"line":82,"column":4},"end":{"line":87,"column":5}},"line":82},"10":{"name":"(anonymous_10)","decl":{"start":{"line":88,"column":4},"end":{"line":88,"column":5}},"loc":{"start":{"line":89,"column":4},"end":{"line":94,"column":5}},"line":89},"11":{"name":"(anonymous_11)","decl":{"start":{"line":95,"column":4},"end":{"line":95,"column":5}},"loc":{"start":{"line":96,"column":4},"end":{"line":101,"column":5}},"line":96},"12":{"name":"(anonymous_12)","decl":{"start":{"line":102,"column":4},"end":{"line":102,"column":5}},"loc":{"start":{"line":103,"column":4},"end":{"line":109,"column":5}},"line":103},"13":{"name":"(anonymous_13)","decl":{"start":{"line":110,"column":4},"end":{"line":110,"column":5}},"loc":{"start":{"line":111,"column":4},"end":{"line":118,"column":5}},"line":111},"14":{"name":"(anonymous_14)","decl":{"start":{"line":122,"column":4},"end":{"line":122,"column":5}},"loc":{"start":{"line":123,"column":4},"end":{"line":129,"column":5}},"line":123},"15":{"name":"(anonymous_15)","decl":{"start":{"line":130,"column":4},"end":{"line":130,"column":5}},"loc":{"start":{"line":131,"column":4},"end":{"line":136,"column":5}},"line":131},"16":{"name":"(anonymous_16)","decl":{"start":{"line":137,"column":4},"end":{"line":137,"column":5}},"loc":{"start":{"line":138,"column":4},"end":{"line":143,"column":5}},"line":138},"17":{"name":"(anonymous_17)","decl":{"start":{"line":144,"column":4},"end":{"line":144,"column":5}},"loc":{"start":{"line":145,"column":4},"end":{"line":150,"column":5}},"line":145},"18":{"name":"(anonymous_18)","decl":{"start":{"line":151,"column":4},"end":{"line":151,"column":5}},"loc":{"start":{"line":152,"column":4},"end":{"line":158,"column":5}},"line":152},"19":{"name":"(anonymous_19)","decl":{"start":{"line":159,"column":4},"end":{"line":159,"column":5}},"loc":{"start":{"line":160,"column":4},"end":{"line":167,"column":5}},"line":160},"20":{"name":"(anonymous_20)","decl":{"start":{"line":171,"column":8},"end":{"line":171,"column":9}},"loc":{"start":{"line":172,"column":8},"end":{"line":178,"column":9}},"line":172},"21":{"name":"(anonymous_21)","decl":{"start":{"line":179,"column":8},"end":{"line":179,"column":9}},"loc":{"start":{"line":180,"column":8},"end":{"line":185,"column":9}},"line":180},"22":{"name":"(anonymous_22)","decl":{"start":{"line":186,"column":8},"end":{"line":186,"column":9}},"loc":{"start":{"line":187,"column":8},"end":{"line":192,"column":9}},"line":187},"23":{"name":"(anonymous_23)","decl":{"start":{"line":193,"column":8},"end":{"line":193,"column":9}},"loc":{"start":{"line":194,"column":8},"end":{"line":199,"column":9}},"line":194},"24":{"name":"(anonymous_24)","decl":{"start":{"line":200,"column":8},"end":{"line":200,"column":9}},"loc":{"start":{"line":201,"column":8},"end":{"line":207,"column":9}},"line":201},"25":{"name":"(anonymous_25)","decl":{"start":{"line":208,"column":8},"end":{"line":208,"column":9}},"loc":{"start":{"line":209,"column":8},"end":{"line":216,"column":9}},"line":209}},"branchMap":{"0":{"loc":{"start":{"line":34,"column":8},"end":{"line":37,"column":20}},"type":"if","locations":[{"start":{"line":34,"column":8},"end":{"line":37,"column":20}},{"start":{"line":34,"column":8},"end":{"line":37,"column":20}}],"line":34},"1":{"loc":{"start":{"line":34,"column":11},"end":{"line":34,"column":48}},"type":"binary-expr","locations":[{"start":{"line":34,"column":11},"end":{"line":34,"column":28}},{"start":{"line":34,"column":32},"end":{"line":34,"column":48}}],"line":34},"2":{"loc":{"start":{"line":41,"column":8},"end":{"line":44,"column":20}},"type":"if","locations":[{"start":{"line":41,"column":8},"end":{"line":44,"column":20}},{"start":{"line":41,"column":8},"end":{"line":44,"column":20}}],"line":41},"3":{"loc":{"start":{"line":41,"column":12},"end":{"line":41,"column":43}},"type":"binary-expr","locations":[{"start":{"line":41,"column":12},"end":{"line":41,"column":18}},{"start":{"line":41,"column":22},"end":{"line":41,"column":33}},{"start":{"line":41,"column":37},"end":{"line":41,"column":43}}],"line":41},"4":{"loc":{"start":{"line":48,"column":8},"end":{"line":51,"column":20}},"type":"if","locations":[{"start":{"line":48,"column":8},"end":{"line":51,"column":20}},{"start":{"line":48,"column":8},"end":{"line":51,"column":20}}],"line":48},"5":{"loc":{"start":{"line":48,"column":11},"end":{"line":48,"column":36}},"type":"binary-expr","locations":[{"start":{"line":48,"column":12},"end":{"line":48,"column":20}},{"start":{"line":48,"column":25},"end":{"line":48,"column":36}}],"line":48},"6":{"loc":{"start":{"line":56,"column":8},"end":{"line":59,"column":20}},"type":"if","locations":[{"start":{"line":56,"column":8},"end":{"line":59,"column":20}},{"start":{"line":56,"column":8},"end":{"line":59,"column":20}}],"line":56},"7":{"loc":{"start":{"line":56,"column":11},"end":{"line":56,"column":89}},"type":"binary-expr","locations":[{"start":{"line":56,"column":11},"end":{"line":56,"column":29}},{"start":{"line":56,"column":31},"end":{"line":56,"column":49}},{"start":{"line":56,"column":51},"end":{"line":56,"column":69}},{"start":{"line":56,"column":71},"end":{"line":56,"column":89}}],"line":56},"8":{"loc":{"start":{"line":63,"column":8},"end":{"line":67,"column":9}},"type":"if","locations":[{"start":{"line":63,"column":8},"end":{"line":67,"column":9}},{"start":{"line":63,"column":8},"end":{"line":67,"column":9}}],"line":63},"9":{"loc":{"start":{"line":83,"column":8},"end":{"line":86,"column":20}},"type":"if","locations":[{"start":{"line":83,"column":8},"end":{"line":86,"column":20}},{"start":{"line":83,"column":8},"end":{"line":86,"column":20}}],"line":83},"10":{"loc":{"start":{"line":83,"column":11},"end":{"line":83,"column":48}},"type":"binary-expr","locations":[{"start":{"line":83,"column":11},"end":{"line":83,"column":28}},{"start":{"line":83,"column":32},"end":{"line":83,"column":48}}],"line":83},"11":{"loc":{"start":{"line":90,"column":8},"end":{"line":93,"column":20}},"type":"if","locations":[{"start":{"line":90,"column":8},"end":{"line":93,"column":20}},{"start":{"line":90,"column":8},"end":{"line":93,"column":20}}],"line":90},"12":{"loc":{"start":{"line":90,"column":12},"end":{"line":90,"column":43}},"type":"binary-expr","locations":[{"start":{"line":90,"column":12},"end":{"line":90,"column":18}},{"start":{"line":90,"column":22},"end":{"line":90,"column":33}},{"start":{"line":90,"column":37},"end":{"line":90,"column":43}}],"line":90},"13":{"loc":{"start":{"line":97,"column":8},"end":{"line":100,"column":20}},"type":"if","locations":[{"start":{"line":97,"column":8},"end":{"line":100,"column":20}},{"start":{"line":97,"column":8},"end":{"line":100,"column":20}}],"line":97},"14":{"loc":{"start":{"line":97,"column":11},"end":{"line":97,"column":36}},"type":"binary-expr","locations":[{"start":{"line":97,"column":12},"end":{"line":97,"column":20}},{"start":{"line":97,"column":25},"end":{"line":97,"column":36}}],"line":97},"15":{"loc":{"start":{"line":105,"column":8},"end":{"line":108,"column":20}},"type":"if","locations":[{"start":{"line":105,"column":8},"end":{"line":108,"column":20}},{"start":{"line":105,"column":8},"end":{"line":108,"column":20}}],"line":105},"16":{"loc":{"start":{"line":105,"column":11},"end":{"line":105,"column":89}},"type":"binary-expr","locations":[{"start":{"line":105,"column":11},"end":{"line":105,"column":29}},{"start":{"line":105,"column":31},"end":{"line":105,"column":49}},{"start":{"line":105,"column":51},"end":{"line":105,"column":69}},{"start":{"line":105,"column":71},"end":{"line":105,"column":89}}],"line":105},"17":{"loc":{"start":{"line":112,"column":8},"end":{"line":116,"column":9}},"type":"if","locations":[{"start":{"line":112,"column":8},"end":{"line":116,"column":9}},{"start":{"line":112,"column":8},"end":{"line":116,"column":9}}],"line":112},"18":{"loc":{"start":{"line":132,"column":8},"end":{"line":135,"column":20}},"type":"if","locations":[{"start":{"line":132,"column":8},"end":{"line":135,"column":20}},{"start":{"line":132,"column":8},"end":{"line":135,"column":20}}],"line":132},"19":{"loc":{"start":{"line":132,"column":11},"end":{"line":132,"column":48}},"type":"binary-expr","locations":[{"start":{"line":132,"column":11},"end":{"line":132,"column":28}},{"start":{"line":132,"column":32},"end":{"line":132,"column":48}}],"line":132},"20":{"loc":{"start":{"line":139,"column":8},"end":{"line":142,"column":20}},"type":"if","locations":[{"start":{"line":139,"column":8},"end":{"line":142,"column":20}},{"start":{"line":139,"column":8},"end":{"line":142,"column":20}}],"line":139},"21":{"loc":{"start":{"line":139,"column":12},"end":{"line":139,"column":43}},"type":"binary-expr","locations":[{"start":{"line":139,"column":12},"end":{"line":139,"column":18}},{"start":{"line":139,"column":22},"end":{"line":139,"column":33}},{"start":{"line":139,"column":37},"end":{"line":139,"column":43}}],"line":139},"22":{"loc":{"start":{"line":146,"column":8},"end":{"line":149,"column":20}},"type":"if","locations":[{"start":{"line":146,"column":8},"end":{"line":149,"column":20}},{"start":{"line":146,"column":8},"end":{"line":149,"column":20}}],"line":146},"23":{"loc":{"start":{"line":146,"column":11},"end":{"line":146,"column":36}},"type":"binary-expr","locations":[{"start":{"line":146,"column":12},"end":{"line":146,"column":20}},{"start":{"line":146,"column":25},"end":{"line":146,"column":36}}],"line":146},"24":{"loc":{"start":{"line":154,"column":8},"end":{"line":157,"column":20}},"type":"if","locations":[{"start":{"line":154,"column":8},"end":{"line":157,"column":20}},{"start":{"line":154,"column":8},"end":{"line":157,"column":20}}],"line":154},"25":{"loc":{"start":{"line":154,"column":11},"end":{"line":154,"column":89}},"type":"binary-expr","locations":[{"start":{"line":154,"column":11},"end":{"line":154,"column":29}},{"start":{"line":154,"column":31},"end":{"line":154,"column":49}},{"start":{"line":154,"column":51},"end":{"line":154,"column":69}},{"start":{"line":154,"column":71},"end":{"line":154,"column":89}}],"line":154},"26":{"loc":{"start":{"line":161,"column":8},"end":{"line":165,"column":9}},"type":"if","locations":[{"start":{"line":161,"column":8},"end":{"line":165,"column":9}},{"start":{"line":161,"column":8},"end":{"line":165,"column":9}}],"line":161},"27":{"loc":{"start":{"line":181,"column":12},"end":{"line":184,"column":24}},"type":"if","locations":[{"start":{"line":181,"column":12},"end":{"line":184,"column":24}},{"start":{"line":181,"column":12},"end":{"line":184,"column":24}}],"line":181},"28":{"loc":{"start":{"line":181,"column":15},"end":{"line":181,"column":52}},"type":"binary-expr","locations":[{"start":{"line":181,"column":15},"end":{"line":181,"column":32}},{"start":{"line":181,"column":36},"end":{"line":181,"column":52}}],"line":181},"29":{"loc":{"start":{"line":188,"column":12},"end":{"line":191,"column":24}},"type":"if","locations":[{"start":{"line":188,"column":12},"end":{"line":191,"column":24}},{"start":{"line":188,"column":12},"end":{"line":191,"column":24}}],"line":188},"30":{"loc":{"start":{"line":188,"column":16},"end":{"line":188,"column":47}},"type":"binary-expr","locations":[{"start":{"line":188,"column":16},"end":{"line":188,"column":22}},{"start":{"line":188,"column":26},"end":{"line":188,"column":37}},{"start":{"line":188,"column":41},"end":{"line":188,"column":47}}],"line":188},"31":{"loc":{"start":{"line":195,"column":12},"end":{"line":198,"column":24}},"type":"if","locations":[{"start":{"line":195,"column":12},"end":{"line":198,"column":24}},{"start":{"line":195,"column":12},"end":{"line":198,"column":24}}],"line":195},"32":{"loc":{"start":{"line":195,"column":15},"end":{"line":195,"column":40}},"type":"binary-expr","locations":[{"start":{"line":195,"column":16},"end":{"line":195,"column":24}},{"start":{"line":195,"column":29},"end":{"line":195,"column":40}}],"line":195},"33":{"loc":{"start":{"line":203,"column":12},"end":{"line":206,"column":24}},"type":"if","locations":[{"start":{"line":203,"column":12},"end":{"line":206,"column":24}},{"start":{"line":203,"column":12},"end":{"line":206,"column":24}}],"line":203},"34":{"loc":{"start":{"line":203,"column":15},"end":{"line":203,"column":93}},"type":"binary-expr","locations":[{"start":{"line":203,"column":15},"end":{"line":203,"column":33}},{"start":{"line":203,"column":35},"end":{"line":203,"column":53}},{"start":{"line":203,"column":55},"end":{"line":203,"column":73}},{"start":{"line":203,"column":75},"end":{"line":203,"column":93}}],"line":203},"35":{"loc":{"start":{"line":210,"column":12},"end":{"line":214,"column":13}},"type":"if","locations":[{"start":{"line":210,"column":12},"end":{"line":214,"column":13}},{"start":{"line":210,"column":12},"end":{"line":214,"column":13}}],"line":210}},"s":{"0":5,"1":5,"2":5,"3":5,"4":5,"5":1,"6":1,"7":1,"8":1,"9":1,"10":1,"11":1,"12":1,"13":1,"14":2,"15":1,"16":1,"17":1,"18":1,"19":0,"20":2,"21":1,"22":1,"23":3,"24":3,"25":1,"26":2,"27":1,"28":1,"29":1,"30":1,"31":1,"32":1,"33":1,"34":1,"35":1,"36":2,"37":1,"38":1,"39":1,"40":1,"41":0,"42":2,"43":1,"44":1,"45":3,"46":3,"47":1,"48":2,"49":1,"50":1,"51":1,"52":1,"53":1,"54":1,"55":1,"56":1,"57":1,"58":2,"59":1,"60":1,"61":1,"62":1,"63":0,"64":2,"65":1,"66":1,"67":3,"68":3,"69":1,"70":2,"71":1,"72":1,"73":1,"74":1,"75":1,"76":1,"77":1,"78":1,"79":1,"80":2,"81":1,"82":1,"83":1,"84":1,"85":0,"86":2,"87":1,"88":1,"89":3,"90":3,"91":1,"92":2,"93":1,"94":1,"95":1,"96":1,"97":1},"f":{"0":5,"1":1,"2":1,"3":2,"4":1,"5":2,"6":3,"7":1,"8":1,"9":2,"10":1,"11":2,"12":3,"13":1,"14":1,"15":2,"16":1,"17":2,"18":3,"19":1,"20":1,"21":2,"22":1,"23":2,"24":3,"25":1},"b":{"0":[1,1],"1":[2,2],"2":[1,0],"3":[1,0,0],"4":[1,1],"5":[2,1],"6":[1,2],"7":[3,2,2,2],"8":[1,0],"9":[1,1],"10":[2,2],"11":[1,0],"12":[1,0,0],"13":[1,1],"14":[2,1],"15":[1,2],"16":[3,3,2,2],"17":[1,0],"18":[1,1],"19":[2,2],"20":[1,0],"21":[1,0,0],"22":[1,1],"23":[2,1],"24":[1,2],"25":[3,3,3,2],"26":[1,0],"27":[1,1],"28":[2,2],"29":[1,0],"30":[1,0,0],"31":[1,1],"32":[2,1],"33":[1,2],"34":[3,3,3,3],"35":[1,0]},"_coverageSchema":"1a1c01bbd47fc00a2c39e90264f33305004495a9","hash":"e2f19b48424418c32d875a4de8526ec1ca6626b2"}
,"D:\\DIT_Course2021\\MusoPlanProjectLocal\\MusoPlanProject\\TroupeClass.js": {"path":"D:\\DIT_Course2021\\MusoPlanProjectLocal\\MusoPlanProject\\TroupeClass.js","statementMap":{"0":{"start":{"line":1,"column":18},"end":{"line":1,"column":36}},"1":{"start":{"line":8,"column":8},"end":{"line":8,"column":27}},"2":{"start":{"line":9,"column":8},"end":{"line":9,"column":25}},"3":{"start":{"line":10,"column":8},"end":{"line":10,"column":25}},"4":{"start":{"line":11,"column":8},"end":{"line":11,"column":25}},"5":{"start":{"line":12,"column":8},"end":{"line":12,"column":25}},"6":{"start":{"line":13,"column":8},"end":{"line":13,"column":23}},"7":{"start":{"line":14,"column":8},"end":{"line":14,"column":35}},"8":{"start":{"line":15,"column":8},"end":{"line":15,"column":42}},"9":{"start":{"line":16,"column":8},"end":{"line":16,"column":36}},"10":{"start":{"line":17,"column":8},"end":{"line":17,"column":42}},"11":{"start":{"line":18,"column":8},"end":{"line":18,"column":46}},"12":{"start":{"line":22,"column":8},"end":{"line":25,"column":20}},"13":{"start":{"line":23,"column":8},"end":{"line":23,"column":30}},"14":{"start":{"line":25,"column":8},"end":{"line":25,"column":20}},"15":{"start":{"line":29,"column":8},"end":{"line":32,"column":20}},"16":{"start":{"line":30,"column":8},"end":{"line":30,"column":27}},"17":{"start":{"line":32,"column":8},"end":{"line":32,"column":20}},"18":{"start":{"line":36,"column":8},"end":{"line":39,"column":20}},"19":{"start":{"line":37,"column":8},"end":{"line":37,"column":27}},"20":{"start":{"line":39,"column":8},"end":{"line":39,"column":20}},"21":{"start":{"line":43,"column":19},"end":{"line":43,"column":69}},"22":{"start":{"line":44,"column":8},"end":{"line":47,"column":20}},"23":{"start":{"line":45,"column":8},"end":{"line":45,"column":44}},"24":{"start":{"line":47,"column":8},"end":{"line":47,"column":20}},"25":{"start":{"line":50,"column":6},"end":{"line":50,"column":23}},"26":{"start":{"line":54,"column":28},"end":{"line":54,"column":131}},"27":{"start":{"line":56,"column":12},"end":{"line":56,"column":83}},"28":{"start":{"line":57,"column":12},"end":{"line":57,"column":29}},"29":{"start":{"line":64,"column":9},"end":{"line":64,"column":93}},"30":{"start":{"line":65,"column":22},"end":{"line":65,"column":120}},"31":{"start":{"line":66,"column":9},"end":{"line":66,"column":30}},"32":{"start":{"line":67,"column":9},"end":{"line":67,"column":24}},"33":{"start":{"line":71,"column":5},"end":{"line":71,"column":41}},"34":{"start":{"line":74,"column":20},"end":{"line":74,"column":41}},"35":{"start":{"line":75,"column":8},"end":{"line":78,"column":22}},"36":{"start":{"line":76,"column":10},"end":{"line":76,"column":33}},"37":{"start":{"line":78,"column":10},"end":{"line":78,"column":22}},"38":{"start":{"line":82,"column":6},"end":{"line":82,"column":26}},"39":{"start":{"line":85,"column":5},"end":{"line":85,"column":34}},"40":{"start":{"line":88,"column":4},"end":{"line":91,"column":16}},"41":{"start":{"line":89,"column":4},"end":{"line":89,"column":30}},"42":{"start":{"line":91,"column":4},"end":{"line":91,"column":16}},"43":{"start":{"line":96,"column":19},"end":{"line":96,"column":227}},"44":{"start":{"line":98,"column":16},"end":{"line":98,"column":82}},"45":{"start":{"line":99,"column":16},"end":{"line":99,"column":36}},"46":{"start":{"line":103,"column":18},"end":{"line":103,"column":66}},"47":{"start":{"line":104,"column":8},"end":{"line":104,"column":61}},"48":{"start":{"line":105,"column":8},"end":{"line":105,"column":19}},"49":{"start":{"line":109,"column":19},"end":{"line":109,"column":32}},"50":{"start":{"line":110,"column":18},"end":{"line":110,"column":60}},"51":{"start":{"line":111,"column":21},"end":{"line":111,"column":36}},"52":{"start":{"line":113,"column":8},"end":{"line":113,"column":83}},"53":{"start":{"line":114,"column":8},"end":{"line":114,"column":25}},"54":{"start":{"line":116,"column":4},"end":{"line":116,"column":15}},"55":{"start":{"line":120,"column":18},"end":{"line":120,"column":31}},"56":{"start":{"line":122,"column":17},"end":{"line":127,"column":60}},"57":{"start":{"line":129,"column":8},"end":{"line":131,"column":15}},"58":{"start":{"line":130,"column":12},"end":{"line":130,"column":30}},"59":{"start":{"line":130,"column":20},"end":{"line":130,"column":30}},"60":{"start":{"line":132,"column":4},"end":{"line":132,"column":15}},"61":{"start":{"line":137,"column":0},"end":{"line":137,"column":22}}},"fnMap":{"0":{"name":"(anonymous_0)","decl":{"start":{"line":6,"column":4},"end":{"line":6,"column":5}},"loc":{"start":{"line":7,"column":4},"end":{"line":19,"column":5}},"line":7},"1":{"name":"(anonymous_1)","decl":{"start":{"line":20,"column":4},"end":{"line":20,"column":5}},"loc":{"start":{"line":21,"column":4},"end":{"line":26,"column":5}},"line":21},"2":{"name":"(anonymous_2)","decl":{"start":{"line":27,"column":4},"end":{"line":27,"column":5}},"loc":{"start":{"line":28,"column":4},"end":{"line":33,"column":5}},"line":28},"3":{"name":"(anonymous_3)","decl":{"start":{"line":34,"column":4},"end":{"line":34,"column":5}},"loc":{"start":{"line":35,"column":4},"end":{"line":40,"column":5}},"line":35},"4":{"name":"(anonymous_4)","decl":{"start":{"line":41,"column":4},"end":{"line":41,"column":5}},"loc":{"start":{"line":42,"column":4},"end":{"line":48,"column":5}},"line":42},"5":{"name":"(anonymous_5)","decl":{"start":{"line":49,"column":4},"end":{"line":49,"column":5}},"loc":{"start":{"line":50,"column":4},"end":{"line":50,"column":25}},"line":50},"6":{"name":"(anonymous_6)","decl":{"start":{"line":52,"column":4},"end":{"line":52,"column":5}},"loc":{"start":{"line":53,"column":4},"end":{"line":59,"column":5}},"line":53},"7":{"name":"(anonymous_7)","decl":{"start":{"line":61,"column":4},"end":{"line":61,"column":5}},"loc":{"start":{"line":62,"column":4},"end":{"line":68,"column":9}},"line":62},"8":{"name":"(anonymous_8)","decl":{"start":{"line":70,"column":4},"end":{"line":70,"column":5}},"loc":{"start":{"line":71,"column":4},"end":{"line":71,"column":42}},"line":71},"9":{"name":"(anonymous_9)","decl":{"start":{"line":72,"column":4},"end":{"line":72,"column":5}},"loc":{"start":{"line":73,"column":4},"end":{"line":79,"column":5}},"line":73},"10":{"name":"(anonymous_10)","decl":{"start":{"line":81,"column":4},"end":{"line":81,"column":5}},"loc":{"start":{"line":82,"column":4},"end":{"line":82,"column":28}},"line":82},"11":{"name":"(anonymous_11)","decl":{"start":{"line":84,"column":4},"end":{"line":84,"column":5}},"loc":{"start":{"line":85,"column":4},"end":{"line":85,"column":35}},"line":85},"12":{"name":"(anonymous_12)","decl":{"start":{"line":86,"column":4},"end":{"line":86,"column":5}},"loc":{"start":{"line":87,"column":4},"end":{"line":92,"column":5}},"line":87},"13":{"name":"(anonymous_13)","decl":{"start":{"line":94,"column":4},"end":{"line":94,"column":5}},"loc":{"start":{"line":95,"column":4},"end":{"line":100,"column":5}},"line":95},"14":{"name":"(anonymous_14)","decl":{"start":{"line":101,"column":4},"end":{"line":101,"column":5}},"loc":{"start":{"line":102,"column":4},"end":{"line":106,"column":5}},"line":102},"15":{"name":"(anonymous_15)","decl":{"start":{"line":107,"column":4},"end":{"line":107,"column":5}},"loc":{"start":{"line":108,"column":4},"end":{"line":117,"column":5}},"line":108},"16":{"name":"(anonymous_16)","decl":{"start":{"line":118,"column":4},"end":{"line":118,"column":5}},"loc":{"start":{"line":119,"column":4},"end":{"line":133,"column":5}},"line":119},"17":{"name":"(anonymous_17)","decl":{"start":{"line":129,"column":50},"end":{"line":129,"column":51}},"loc":{"start":{"line":129,"column":63},"end":{"line":131,"column":13}},"line":129}},"branchMap":{"0":{"loc":{"start":{"line":22,"column":8},"end":{"line":25,"column":20}},"type":"if","locations":[{"start":{"line":22,"column":8},"end":{"line":25,"column":20}},{"start":{"line":22,"column":8},"end":{"line":25,"column":20}}],"line":22},"1":{"loc":{"start":{"line":22,"column":11},"end":{"line":22,"column":48}},"type":"binary-expr","locations":[{"start":{"line":22,"column":11},"end":{"line":22,"column":28}},{"start":{"line":22,"column":32},"end":{"line":22,"column":48}}],"line":22},"2":{"loc":{"start":{"line":29,"column":8},"end":{"line":32,"column":20}},"type":"if","locations":[{"start":{"line":29,"column":8},"end":{"line":32,"column":20}},{"start":{"line":29,"column":8},"end":{"line":32,"column":20}}],"line":29},"3":{"loc":{"start":{"line":29,"column":12},"end":{"line":29,"column":43}},"type":"binary-expr","locations":[{"start":{"line":29,"column":12},"end":{"line":29,"column":18}},{"start":{"line":29,"column":22},"end":{"line":29,"column":33}},{"start":{"line":29,"column":37},"end":{"line":29,"column":43}}],"line":29},"4":{"loc":{"start":{"line":36,"column":8},"end":{"line":39,"column":20}},"type":"if","locations":[{"start":{"line":36,"column":8},"end":{"line":39,"column":20}},{"start":{"line":36,"column":8},"end":{"line":39,"column":20}}],"line":36},"5":{"loc":{"start":{"line":36,"column":11},"end":{"line":36,"column":36}},"type":"binary-expr","locations":[{"start":{"line":36,"column":12},"end":{"line":36,"column":20}},{"start":{"line":36,"column":25},"end":{"line":36,"column":36}}],"line":36},"6":{"loc":{"start":{"line":44,"column":8},"end":{"line":47,"column":20}},"type":"if","locations":[{"start":{"line":44,"column":8},"end":{"line":47,"column":20}},{"start":{"line":44,"column":8},"end":{"line":47,"column":20}}],"line":44},"7":{"loc":{"start":{"line":44,"column":11},"end":{"line":44,"column":89}},"type":"binary-expr","locations":[{"start":{"line":44,"column":11},"end":{"line":44,"column":29}},{"start":{"line":44,"column":31},"end":{"line":44,"column":49}},{"start":{"line":44,"column":51},"end":{"line":44,"column":69}},{"start":{"line":44,"column":71},"end":{"line":44,"column":89}}],"line":44},"8":{"loc":{"start":{"line":75,"column":8},"end":{"line":78,"column":22}},"type":"if","locations":[{"start":{"line":75,"column":8},"end":{"line":78,"column":22}},{"start":{"line":75,"column":8},"end":{"line":78,"column":22}}],"line":75},"9":{"loc":{"start":{"line":75,"column":11},"end":{"line":75,"column":96}},"type":"binary-expr","locations":[{"start":{"line":75,"column":11},"end":{"line":75,"column":38}},{"start":{"line":75,"column":40},"end":{"line":75,"column":67}},{"start":{"line":75,"column":69},"end":{"line":75,"column":96}}],"line":75},"10":{"loc":{"start":{"line":88,"column":4},"end":{"line":91,"column":16}},"type":"if","locations":[{"start":{"line":88,"column":4},"end":{"line":91,"column":16}},{"start":{"line":88,"column":4},"end":{"line":91,"column":16}}],"line":88},"11":{"loc":{"start":{"line":88,"column":7},"end":{"line":88,"column":59}},"type":"binary-expr","locations":[{"start":{"line":88,"column":8},"end":{"line":88,"column":29}},{"start":{"line":88,"column":35},"end":{"line":88,"column":58}}],"line":88},"12":{"loc":{"start":{"line":130,"column":12},"end":{"line":130,"column":30}},"type":"if","locations":[{"start":{"line":130,"column":12},"end":{"line":130,"column":30}},{"start":{"line":130,"column":12},"end":{"line":130,"column":30}}],"line":130}},"s":{"0":1,"1":10,"2":10,"3":10,"4":10,"5":10,"6":10,"7":10,"8":10,"9":10,"10":10,"11":10,"12":4,"13":2,"14":2,"15":1,"16":1,"17":0,"18":2,"19":1,"20":1,"21":3,"22":3,"23":1,"24":2,"25":1,"26":1,"27":1,"28":1,"29":1,"30":1,"31":1,"32":1,"33":2,"34":2,"35":2,"36":1,"37":1,"38":1,"39":3,"40":2,"41":1,"42":1,"43":1,"44":1,"45":1,"46":1,"47":1,"48":1,"49":1,"50":1,"51":1,"52":1,"53":1,"54":1,"55":1,"56":1,"57":1,"58":0,"59":0,"60":1,"61":1},"f":{"0":10,"1":4,"2":1,"3":2,"4":3,"5":1,"6":1,"7":1,"8":2,"9":2,"10":1,"11":3,"12":2,"13":1,"14":1,"15":1,"16":1,"17":0},"b":{"0":[2,2],"1":[4,4],"2":[1,0],"3":[1,0,0],"4":[1,1],"5":[2,1],"6":[1,2],"7":[3,3,2,2],"8":[1,1],"9":[2,2,2],"10":[1,1],"11":[2,2],"12":[0,0]},"_coverageSchema":"1a1c01bbd47fc00a2c39e90264f33305004495a9","hash":"b9c4b703cc6d259b42432c52e231f161afbe9d74"}
}
