TN:
SF:EnterMusFunc.js
FN:4,enterMus
FN:11,enteryearPlaying
FN:18,enterHourRate
FN:25,entermusTypes
FN:34,intFact
FNF:5
FNH:5
FNDA:2,enterMus
FNDA:2,enteryearPlaying
FNDA:2,enterHourRate
FNDA:2,entermusTypes
FNDA:1,intFact
DA:6,2
DA:7,1
DA:9,1
DA:13,2
DA:14,1
DA:16,1
DA:20,2
DA:21,1
DA:23,1
DA:27,2
DA:29,2
DA:30,1
DA:32,1
DA:36,1
DA:38,1
LF:15
LH:15
BRDA:6,0,0,1
BRDA:6,0,1,1
BRDA:6,1,0,2
BRDA:6,1,1,2
BRDA:13,2,0,1
BRDA:13,2,1,1
BRDA:13,3,0,2
BRDA:13,3,1,1
BRDA:13,3,2,1
BRDA:20,4,0,1
BRDA:20,4,1,1
BRDA:20,5,0,2
BRDA:20,5,1,1
BRDA:29,6,0,1
BRDA:29,6,1,1
BRDA:29,7,0,2
BRDA:29,7,1,2
BRDA:29,7,2,1
BRDA:29,7,3,1
BRF:19
BRH:19
end_of_record
TN:
SF:Main_Child_Class_Code.js
FN:6,(anonymous_0)
FN:14,(anonymous_1)
FN:24,(anonymous_2)
FN:32,(anonymous_3)
FN:39,(anonymous_4)
FN:46,(anonymous_5)
FN:53,(anonymous_6)
FN:61,(anonymous_7)
FN:73,(anonymous_8)
FN:81,(anonymous_9)
FN:88,(anonymous_10)
FN:95,(anonymous_11)
FN:102,(anonymous_12)
FN:110,(anonymous_13)
FN:122,(anonymous_14)
FN:130,(anonymous_15)
FN:137,(anonymous_16)
FN:144,(anonymous_17)
FN:151,(anonymous_18)
FN:159,(anonymous_19)
FN:171,(anonymous_20)
FN:179,(anonymous_21)
FN:186,(anonymous_22)
FN:193,(anonymous_23)
FN:200,(anonymous_24)
FN:208,(anonymous_25)
FNF:26
FNH:26
FNDA:5,(anonymous_0)
FNDA:1,(anonymous_1)
FNDA:1,(anonymous_2)
FNDA:2,(anonymous_3)
FNDA:1,(anonymous_4)
FNDA:2,(anonymous_5)
FNDA:3,(anonymous_6)
FNDA:1,(anonymous_7)
FNDA:1,(anonymous_8)
FNDA:2,(anonymous_9)
FNDA:1,(anonymous_10)
FNDA:2,(anonymous_11)
FNDA:3,(anonymous_12)
FNDA:1,(anonymous_13)
FNDA:1,(anonymous_14)
FNDA:2,(anonymous_15)
FNDA:1,(anonymous_16)
FNDA:2,(anonymous_17)
FNDA:3,(anonymous_18)
FNDA:1,(anonymous_19)
FNDA:1,(anonymous_20)
FNDA:2,(anonymous_21)
FNDA:1,(anonymous_22)
FNDA:2,(anonymous_23)
FNDA:3,(anonymous_24)
FNDA:1,(anonymous_25)
DA:8,5
DA:9,5
DA:10,5
DA:11,5
DA:12,5
DA:16,1
DA:17,1
DA:18,1
DA:19,1
DA:26,1
DA:27,1
DA:28,1
DA:29,1
DA:30,1
DA:34,2
DA:35,1
DA:37,1
DA:41,1
DA:42,1
DA:44,0
DA:48,2
DA:49,1
DA:51,1
DA:55,3
DA:56,3
DA:57,1
DA:59,2
DA:63,1
DA:65,1
DA:66,1
DA:68,1
DA:75,1
DA:76,1
DA:77,1
DA:78,1
DA:79,1
DA:83,2
DA:84,1
DA:86,1
DA:90,1
DA:91,1
DA:93,0
DA:97,2
DA:98,1
DA:100,1
DA:104,3
DA:105,3
DA:106,1
DA:108,2
DA:112,1
DA:114,1
DA:115,1
DA:117,1
DA:124,1
DA:125,1
DA:126,1
DA:127,1
DA:128,1
DA:132,2
DA:133,1
DA:135,1
DA:139,1
DA:140,1
DA:142,0
DA:146,2
DA:147,1
DA:149,1
DA:153,3
DA:154,3
DA:155,1
DA:157,2
DA:161,1
DA:163,1
DA:164,1
DA:166,1
DA:173,1
DA:174,1
DA:175,1
DA:176,1
DA:177,1
DA:181,2
DA:182,1
DA:184,1
DA:188,1
DA:189,1
DA:191,0
DA:195,2
DA:196,1
DA:198,1
DA:202,3
DA:203,3
DA:204,1
DA:206,2
DA:210,1
DA:212,1
DA:213,1
DA:215,1
DA:218,1
LF:98
LH:94
BRDA:34,0,0,1
BRDA:34,0,1,1
BRDA:34,1,0,2
BRDA:34,1,1,2
BRDA:41,2,0,1
BRDA:41,2,1,0
BRDA:41,3,0,1
BRDA:41,3,1,0
BRDA:41,3,2,0
BRDA:48,4,0,1
BRDA:48,4,1,1
BRDA:48,5,0,2
BRDA:48,5,1,1
BRDA:56,6,0,1
BRDA:56,6,1,2
BRDA:56,7,0,3
BRDA:56,7,1,2
BRDA:56,7,2,2
BRDA:56,7,3,2
BRDA:63,8,0,1
BRDA:63,8,1,0
BRDA:83,9,0,1
BRDA:83,9,1,1
BRDA:83,10,0,2
BRDA:83,10,1,2
BRDA:90,11,0,1
BRDA:90,11,1,0
BRDA:90,12,0,1
BRDA:90,12,1,0
BRDA:90,12,2,0
BRDA:97,13,0,1
BRDA:97,13,1,1
BRDA:97,14,0,2
BRDA:97,14,1,1
BRDA:105,15,0,1
BRDA:105,15,1,2
BRDA:105,16,0,3
BRDA:105,16,1,3
BRDA:105,16,2,2
BRDA:105,16,3,2
BRDA:112,17,0,1
BRDA:112,17,1,0
BRDA:132,18,0,1
BRDA:132,18,1,1
BRDA:132,19,0,2
BRDA:132,19,1,2
BRDA:139,20,0,1
BRDA:139,20,1,0
BRDA:139,21,0,1
BRDA:139,21,1,0
BRDA:139,21,2,0
BRDA:146,22,0,1
BRDA:146,22,1,1
BRDA:146,23,0,2
BRDA:146,23,1,1
BRDA:154,24,0,1
BRDA:154,24,1,2
BRDA:154,25,0,3
BRDA:154,25,1,3
BRDA:154,25,2,3
BRDA:154,25,3,2
BRDA:161,26,0,1
BRDA:161,26,1,0
BRDA:181,27,0,1
BRDA:181,27,1,1
BRDA:181,28,0,2
BRDA:181,28,1,2
BRDA:188,29,0,1
BRDA:188,29,1,0
BRDA:188,30,0,1
BRDA:188,30,1,0
BRDA:188,30,2,0
BRDA:195,31,0,1
BRDA:195,31,1,1
BRDA:195,32,0,2
BRDA:195,32,1,1
BRDA:203,33,0,1
BRDA:203,33,1,2
BRDA:203,34,0,3
BRDA:203,34,1,3
BRDA:203,34,2,3
BRDA:203,34,3,3
BRDA:210,35,0,1
BRDA:210,35,1,0
BRF:84
BRH:68
end_of_record
TN:
SF:TroupeClass.js
FN:6,(anonymous_0)
FN:20,(anonymous_1)
FN:27,(anonymous_2)
FN:34,(anonymous_3)
FN:41,(anonymous_4)
FN:49,(anonymous_5)
FN:52,(anonymous_6)
FN:61,(anonymous_7)
FN:70,(anonymous_8)
FN:72,(anonymous_9)
FN:81,(anonymous_10)
FN:84,(anonymous_11)
FN:86,(anonymous_12)
FN:94,(anonymous_13)
FN:101,(anonymous_14)
FN:107,(anonymous_15)
FN:118,(anonymous_16)
FN:129,(anonymous_17)
FNF:18
FNH:17
FNDA:10,(anonymous_0)
FNDA:4,(anonymous_1)
FNDA:1,(anonymous_2)
FNDA:2,(anonymous_3)
FNDA:3,(anonymous_4)
FNDA:1,(anonymous_5)
FNDA:1,(anonymous_6)
FNDA:1,(anonymous_7)
FNDA:2,(anonymous_8)
FNDA:2,(anonymous_9)
FNDA:1,(anonymous_10)
FNDA:3,(anonymous_11)
FNDA:2,(anonymous_12)
FNDA:1,(anonymous_13)
FNDA:1,(anonymous_14)
FNDA:1,(anonymous_15)
FNDA:1,(anonymous_16)
FNDA:0,(anonymous_17)
DA:1,1
DA:8,10
DA:9,10
DA:10,10
DA:11,10
DA:12,10
DA:13,10
DA:14,10
DA:15,10
DA:16,10
DA:17,10
DA:18,10
DA:22,4
DA:23,2
DA:25,2
DA:29,1
DA:30,1
DA:32,0
DA:36,2
DA:37,1
DA:39,1
DA:43,3
DA:44,3
DA:45,1
DA:47,2
DA:50,1
DA:54,1
DA:56,1
DA:57,1
DA:64,1
DA:65,1
DA:66,1
DA:67,1
DA:71,2
DA:74,2
DA:75,2
DA:76,1
DA:78,1
DA:82,1
DA:85,3
DA:88,2
DA:89,1
DA:91,1
DA:96,1
DA:98,1
DA:99,1
DA:103,1
DA:104,1
DA:105,1
DA:109,1
DA:110,1
DA:111,1
DA:113,1
DA:114,1
DA:116,1
DA:120,1
DA:122,1
DA:129,1
DA:130,0
DA:132,1
DA:137,1
LF:61
LH:59
BRDA:22,0,0,2
BRDA:22,0,1,2
BRDA:22,1,0,4
BRDA:22,1,1,4
BRDA:29,2,0,1
BRDA:29,2,1,0
BRDA:29,3,0,1
BRDA:29,3,1,0
BRDA:29,3,2,0
BRDA:36,4,0,1
BRDA:36,4,1,1
BRDA:36,5,0,2
BRDA:36,5,1,1
BRDA:44,6,0,1
BRDA:44,6,1,2
BRDA:44,7,0,3
BRDA:44,7,1,3
BRDA:44,7,2,2
BRDA:44,7,3,2
BRDA:75,8,0,1
BRDA:75,8,1,1
BRDA:75,9,0,2
BRDA:75,9,1,2
BRDA:75,9,2,2
BRDA:88,10,0,1
BRDA:88,10,1,1
BRDA:88,11,0,2
BRDA:88,11,1,2
BRDA:130,12,0,0
BRDA:130,12,1,0
BRF:30
BRH:25
end_of_record
